This file contains any messages produced by compilers while
running configure, to aid debugging if configure makes a mistake.

It was created by BCFtools configure 1.13, which was
generated by GNU Autoconf 2.69.  Invocation command line was

  $ ./configure --enable-libcurl

## --------- ##
## Platform. ##
## --------- ##

hostname = DESKTOP-E1E19CV
uname -m = x86_64
uname -r = 5.10.16.3-microsoft-standard-WSL2
uname -s = Linux
uname -v = #1 SMP Fri Apr 2 22:23:49 UTC 2021

/usr/bin/uname -p = x86_64
/bin/uname -X     = unknown

/bin/arch              = x86_64
/usr/bin/arch -k       = unknown
/usr/convex/getsysinfo = unknown
/usr/bin/hostinfo      = unknown
/bin/machine           = unknown
/usr/bin/oslevel       = unknown
/bin/universe          = unknown

PATH: /home/don007/miniconda3/bin
PATH: /home/don007/miniconda3/condabin
PATH: /usr/local/sbin
PATH: /usr/local/bin
PATH: /usr/sbin
PATH: /usr/bin
PATH: /sbin
PATH: /bin
PATH: /usr/games
PATH: /usr/local/games
PATH: /mnt/c/Program Files/WindowsApps/Microsoft.WindowsTerminal_1.10.2714.0_x64__8wekyb3d8bbwe
PATH: /mnt/c/WINDOWS/system32
PATH: /mnt/c/WINDOWS
PATH: /mnt/c/WINDOWS/System32/Wbem
PATH: /mnt/c/WINDOWS/System32/WindowsPowerShell/v1.0
PATH: /mnt/c/WINDOWS/System32/OpenSSH
PATH: /mnt/c/Users/MIKTech/AppData/Local/Microsoft/WindowsApps
PATH: /snap/bin
PATH: /usr/bin/bcftools
PATH: /usr/bin/bcftools
PATH: /usr/bin/bcftools-1.13


## ----------- ##
## Core tests. ##
## ----------- ##

configure:2010: checking for gcc
configure:2026: found /usr/bin/gcc
configure:2037: result: gcc
configure:2266: checking for C compiler version
configure:2275: gcc --version >&5
gcc (Ubuntu 9.3.0-17ubuntu1~20.04) 9.3.0
Copyright (C) 2019 Free Software Foundation, Inc.
This is free software; see the source for copying conditions.  There is NO
warranty; not even for MERCHANTABILITY or FITNESS FOR A PARTICULAR PURPOSE.

configure:2286: $? = 0
configure:2275: gcc -v >&5
Using built-in specs.
COLLECT_GCC=gcc
COLLECT_LTO_WRAPPER=/usr/lib/gcc/x86_64-linux-gnu/9/lto-wrapper
OFFLOAD_TARGET_NAMES=nvptx-none:hsa
OFFLOAD_TARGET_DEFAULT=1
Target: x86_64-linux-gnu
Configured with: ../src/configure -v --with-pkgversion='Ubuntu 9.3.0-17ubuntu1~20.04' --with-bugurl=file:///usr/share/doc/gcc-9/README.Bugs --enable-languages=c,ada,c++,go,brig,d,fortran,objc,obj-c++,gm2 --prefix=/usr --with-gcc-major-version-only --program-suffix=-9 --program-prefix=x86_64-linux-gnu- --enable-shared --enable-linker-build-id --libexecdir=/usr/lib --without-included-gettext --enable-threads=posix --libdir=/usr/lib --enable-nls --enable-clocale=gnu --enable-libstdcxx-debug --enable-libstdcxx-time=yes --with-default-libstdcxx-abi=new --enable-gnu-unique-object --disable-vtable-verify --enable-plugin --enable-default-pie --with-system-zlib --with-target-system-zlib=auto --enable-objc-gc=auto --enable-multiarch --disable-werror --with-arch-32=i686 --with-abi=m64 --with-multilib-list=m32,m64,mx32 --enable-multilib --with-tune=generic --enable-offload-targets=nvptx-none=/build/gcc-9-HskZEa/gcc-9-9.3.0/debian/tmp-nvptx/usr,hsa --without-cuda-driver --enable-checking=release --build=x86_64-linux-gnu --host=x86_64-linux-gnu --target=x86_64-linux-gnu
Thread model: posix
gcc version 9.3.0 (Ubuntu 9.3.0-17ubuntu1~20.04) 
configure:2286: $? = 0
configure:2275: gcc -V >&5
gcc: error: unrecognized command line option '-V'
gcc: fatal error: no input files
compilation terminated.
configure:2286: $? = 1
configure:2275: gcc -qversion >&5
gcc: error: unrecognized command line option '-qversion'; did you mean '--version'?
gcc: fatal error: no input files
compilation terminated.
configure:2286: $? = 1
configure:2306: checking whether the C compiler works
configure:2328: gcc    conftest.c  >&5
configure:2332: $? = 0
configure:2380: result: yes
configure:2383: checking for C compiler default output file name
configure:2385: result: a.out
configure:2391: checking for suffix of executables
configure:2398: gcc -o conftest    conftest.c  >&5
configure:2402: $? = 0
configure:2424: result: 
configure:2446: checking whether we are cross compiling
configure:2454: gcc -o conftest    conftest.c  >&5
configure:2458: $? = 0
configure:2465: ./conftest
configure:2469: $? = 0
configure:2457: result: no
configure:2462: checking for suffix of object files
configure:2484: gcc -c   conftest.c >&5
configure:2488: $? = 0
configure:2509: result: o
configure:2513: checking whether we are using the GNU C compiler
configure:2532: gcc -c   conftest.c >&5
configure:2532: $? = 0
configure:2541: result: yes
configure:2550: checking whether gcc accepts -g
configure:2570: gcc -c -g  conftest.c >&5
configure:2570: $? = 0
configure:2611: result: yes
configure:2628: checking for gcc option to accept ISO C89
configure:2691: gcc  -c -g -O2  conftest.c >&5
configure:2691: $? = 0
configure:2704: result: none needed
configure:2725: checking for grep that handles long lines and -e
configure:2783: result: /usr/bin/grep
configure:2808: checking for C compiler warning flags
configure:2921: result: -Wall
configure:3014: checking for special C compiler options needed for large files
configure:3059: result: no
configure:3065: checking for _FILE_OFFSET_BITS value needed for large files
configure:3090: gcc -c  -Wall -g -O2  conftest.c >&5
configure:3090: $? = 0
configure:3122: result: no
configure:3324: checking location of HTSlib source tree
configure:3345: result: htslib-1.13
configure:3541: checking shared library type
configure:3571: result: plain .so
configure:3587: checking for library containing dlopen
configure:3618: gcc -o conftest  -Wall -g -O2   conftest.c  >&5
/usr/bin/ld: /tmp/ccREX7n2.o: in function `main':
/mnt/c/Users/MIKTech/Desktop/CellPhyD/bcftools-1.13/conftest.c:22: undefined reference to `dlopen'
collect2: error: ld returned 1 exit status
configure:3618: $? = 1
configure: failed program was:
| /* confdefs.h */
| #define PACKAGE_NAME "BCFtools"
| #define PACKAGE_TARNAME "bcftools"
| #define PACKAGE_VERSION "1.13"
| #define PACKAGE_STRING "BCFtools 1.13"
| #define PACKAGE_BUGREPORT "samtools-help@lists.sourceforge.net"
| #define PACKAGE_URL "http://www.htslib.org/"
| #define PLUGIN_EXT ".so"
| #define ENABLE_BCF_PLUGINS 1
| /* end confdefs.h.  */
| 
| /* Override any GCC internal prototype to avoid an error.
|    Use char because int might match the return type of a GCC
|    builtin and then its argument prototype would still apply.  */
| #ifdef __cplusplus
| extern "C"
| #endif
| char dlopen ();
| int
| main ()
| {
| return dlopen ();
|   ;
|   return 0;
| }
configure:3618: gcc -o conftest  -Wall -g -O2   conftest.c -ldl   >&5
configure:3618: $? = 0
configure:3635: result: -ldl
configure:3714: checking if the compiler accepts -rdynamic
configure:3729: gcc -o conftest  -Wall -g -O2 -rdynamic   conftest.c -ldl  >&5
configure:3729: $? = 0
configure:3737: result: yes
configure:3749: checking for zlib.h
configure:3749: gcc -c  -Wall -g -O2  conftest.c >&5
configure:3749: $? = 0
configure:3749: result: yes
configure:3758: checking for inflate in -lz
configure:3783: gcc -o conftest  -Wall -g -O2   conftest.c -lz  -ldl  >&5
configure:3783: $? = 0
configure:3792: result: yes
configure:4091: checking for library containing regcomp
configure:4122: gcc -o conftest  -Wall -g -O2   conftest.c -ldl  >&5
configure:4122: $? = 0
configure:4139: result: none required
configure:4269: creating ./config.status

## ---------------------- ##
## Running config.status. ##
## ---------------------- ##

This file was extended by BCFtools config.status 1.13, which was
generated by GNU Autoconf 2.69.  Invocation command line was

  CONFIG_FILES    = 
  CONFIG_HEADERS  = 
  CONFIG_LINKS    = 
  CONFIG_COMMANDS = 
  $ ./config.status 

on DESKTOP-E1E19CV

config.status:804: creating config.mk
config.status:804: creating config.h
config.status:974: config.h is unchanged
configure:5494: === configuring in htslib-1.13 (/mnt/c/Users/MIKTech/Desktop/CellPhyD/bcftools-1.13/htslib-1.13)
configure:5557: running /bin/bash ./configure --disable-option-checking '--prefix=/usr/local'  '--enable-libcurl' --cache-file=/dev/null --srcdir=.

## ---------------- ##
## Cache variables. ##
## ---------------- ##

ac_cv_c_compiler_gnu=yes
ac_cv_env_CC_set=
ac_cv_env_CC_value=
ac_cv_env_CFLAGS_set=
ac_cv_env_CFLAGS_value=
ac_cv_env_CPPFLAGS_set=
ac_cv_env_CPPFLAGS_value=
ac_cv_env_LDFLAGS_set=
ac_cv_env_LDFLAGS_value=
ac_cv_env_LIBS_set=
ac_cv_env_LIBS_value=
ac_cv_env_build_alias_set=
ac_cv_env_build_alias_value=
ac_cv_env_host_alias_set=
ac_cv_env_host_alias_value=
ac_cv_env_target_alias_set=
ac_cv_env_target_alias_value=
ac_cv_header_zlib_h=yes
ac_cv_lib_z_inflate=yes
ac_cv_objext=o
ac_cv_path_GREP=/usr/bin/grep
ac_cv_prog_ac_ct_CC=gcc
ac_cv_prog_cc_c89=
ac_cv_prog_cc_g=yes
ac_cv_search_dlopen=-ldl
ac_cv_search_regcomp='none required'
ac_cv_sys_file_offset_bits=no
ac_cv_sys_largefile_CC=no
ax_cv_htslib=yes
ax_cv_htslib_which=source
hts_cv_prog_cc_warnings=-Wall

## ----------------- ##
## Output variables. ##
## ----------------- ##

CC='gcc'
CC_RDYNAMIC_OPT='-rdynamic'
CFLAGS=' -Wall -g -O2'
CPPFLAGS=''
DEFS='-DHAVE_CONFIG_H'
ECHO_C=''
ECHO_N='-n'
ECHO_T=''
EXEEXT=''
GREP='/usr/bin/grep'
GSL_LIBS=''
HTSDIR='htslib-1.13'
HTSLIB_CPPFLAGS='-Ihtslib-1.13'
HTSLIB_DLL=''
HTSLIB_LDFLAGS='-Lhtslib-1.13'
Hinstall='#'
Hsource=''
LDFLAGS=''
LIBOBJS=''
LIBS='-ldl '
LTLIBOBJS=''
OBJEXT='o'
PACKAGE_BUGREPORT='samtools-help@lists.sourceforge.net'
PACKAGE_NAME='BCFtools'
PACKAGE_STRING='BCFtools 1.13'
PACKAGE_TARNAME='bcftools'
PACKAGE_URL='http://www.htslib.org/'
PACKAGE_VERSION='1.13'
PATH_SEPARATOR=':'
PERL_CCOPTS=''
PERL_LIBS=''
PLATFORM='default'
PLUGIN_EXT='.so'
SHELL='/bin/bash'
USE_GPL=''
ac_ct_CC='gcc'
bcf_plugindir='$(libexecdir)/bcftools'
bcf_pluginpath='$(libexecdir)/bcftools'
bindir='${exec_prefix}/bin'
build_alias=''
datadir='${datarootdir}'
datarootdir='${prefix}/share'
docdir='${datarootdir}/doc/${PACKAGE_TARNAME}'
dvidir='${docdir}'
enable_bcftools_plugins='yes'
enable_perl_filters='no'
exec_prefix='${prefix}'
host_alias='unknown-Linux'
htmldir='${docdir}'
includedir='${prefix}/include'
infodir='${datarootdir}/info'
libdir='${exec_prefix}/lib'
libexecdir='${exec_prefix}/libexec'
localedir='${datarootdir}/locale'
localstatedir='${prefix}/var'
mandir='${datarootdir}/man'
oldincludedir='/usr/include'
pdfdir='${docdir}'
prefix='/usr/local'
program_transform_name='s,x,x,'
psdir='${docdir}'
runstatedir='${localstatedir}/run'
sbindir='${exec_prefix}/sbin'
sharedstatedir='${prefix}/com'
subdirs=' htslib-1.13'
sysconfdir='${prefix}/etc'
target_alias=''

## ----------- ##
## confdefs.h. ##
## ----------- ##

/* confdefs.h */
#define PACKAGE_NAME "BCFtools"
#define PACKAGE_TARNAME "bcftools"
#define PACKAGE_VERSION "1.13"
#define PACKAGE_STRING "BCFtools 1.13"
#define PACKAGE_BUGREPORT "samtools-help@lists.sourceforge.net"
#define PACKAGE_URL "http://www.htslib.org/"
#define PLUGIN_EXT ".so"
#define ENABLE_BCF_PLUGINS 1
#define HAVE_LIBZ 1

configure: exit 0
