
RAxML-NG v. 0.9.0git (CellPHY branch) released on 08.07.2021 by The Exelixis Lab.
Developed by: Alexey M. Kozlov and Alexandros Stamatakis.
Contributors: Diego Darriba, Tomas Flouri, Benoit Morel, Sarah Lutteropp, Ben Bettisworth.
Latest version: https://github.com/amkozlov/raxml-ng
Questions/problems/suggestions? Please visit: https://groups.google.com/forum/#!forum/raxml

RAxML-NG was called at 10-Oct-2021 21:42:26 as follows:

../bin/raxml-ng-cellphy-linux --msa CRC24.ToySet.vcf --model GT16+FO --seed 2 --threads 1 --prefix CRC24.VCF.GL16.Tree --redo

Analysis options:
  run mode: ML tree search
  start tree(s): random (10) + parsimony (10)
  random seed: 2
  tip-inner: OFF
  pattern compression: ON
  per-rate scalers: OFF
  site repeats: ON
  fast spr radius: AUTO
  spr subtree cutoff: 1.000000
  branch lengths: proportional (ML estimate, algorithm: NR-FAST)
  SIMD kernels: AVX
  parallelization: NONE/sequential

WARNING: Running in REDO mode: existing checkpoints are ignored, and all result files will be overwritten!

[00:00:00] Reading alignment from file: CRC24.ToySet.vcf
[00:00:00] Loaded alignment with 25 taxa and 500 sites

Alignment comprises 1 partitions and 500 sites

Partition 0: noname
Model: GT16+FO
Alignment sites: 500
Gaps: 31.14 %
Invariant sites: 0.00 %


[00:00:00] Generating 10 random starting tree(s) with 25 taxa
[00:00:00] Generating 10 parsimony starting tree(s) with 25 taxa
[00:00:00] Data distribution: max. partitions/sites/weight per thread: 1 / 500 / 8000

Starting ML tree search with 20 distinct starting trees

[00:00:00 -33090.665518] Initial branch length optimization
[00:00:00 -31454.626035] Model parameter optimization (eps = 10.000000)
[00:00:17 -30168.140727] AUTODETECT spr round 1 (radius: 5)
[00:00:20 -30110.646185] AUTODETECT spr round 2 (radius: 10)
[00:00:20 -30107.260673] AUTODETECT spr round 3 (radius: 15)
[00:00:20 -30107.257011] SPR radius for FAST iterations: 10 (autodetect)
[00:00:20 -30107.257011] Model parameter optimization (eps = 3.000000)
[00:00:23 -30097.346985] FAST spr round 1 (radius: 10)
[00:00:24 -30094.547576] FAST spr round 2 (radius: 10)
[00:00:25 -30093.349405] FAST spr round 3 (radius: 10)
[00:00:27 -30091.895845] FAST spr round 4 (radius: 10)
[00:00:28 -30091.711277] FAST spr round 5 (radius: 10)
[00:00:29 -30091.711261] Model parameter optimization (eps = 1.000000)
[00:00:30 -30091.692267] SLOW spr round 1 (radius: 5)
[00:00:33 -30090.241767] SLOW spr round 2 (radius: 5)
[00:00:35 -30090.236762] SLOW spr round 3 (radius: 10)
[00:00:37 -30090.236490] SLOW spr round 4 (radius: 15)
[00:00:37 -30090.236464] SLOW spr round 5 (radius: 20)
[00:00:37 -30090.236462] SLOW spr round 6 (radius: 25)
[00:00:37 -30090.236461] Model parameter optimization (eps = 0.100000)

[00:00:38] ML tree search #1, logLikelihood: -30090.222906

[00:00:38 -32906.018011] Initial branch length optimization
[00:00:38 -31458.710314] Model parameter optimization (eps = 10.000000)
[00:00:55 -30175.680300] AUTODETECT spr round 1 (radius: 5)
[00:00:55 -30122.955207] AUTODETECT spr round 2 (radius: 10)
[00:00:56 -30113.030811] AUTODETECT spr round 3 (radius: 15)
[00:00:56 -30113.030451] SPR radius for FAST iterations: 10 (autodetect)
[00:00:56 -30113.030451] Model parameter optimization (eps = 3.000000)
[00:00:58 -30112.573630] FAST spr round 1 (radius: 10)
[00:00:59 -30107.117623] FAST spr round 2 (radius: 10)
[00:01:01 -30102.814531] FAST spr round 3 (radius: 10)
[00:01:02 -30102.292880] FAST spr round 4 (radius: 10)
[00:01:03 -30101.265933] FAST spr round 5 (radius: 10)
[00:01:04 -30101.265804] Model parameter optimization (eps = 1.000000)
[00:01:07 -30092.979170] SLOW spr round 1 (radius: 5)
[00:01:09 -30091.743349] SLOW spr round 2 (radius: 5)
[00:01:12 -30091.609472] SLOW spr round 3 (radius: 5)
[00:01:14 -30091.609172] SLOW spr round 4 (radius: 10)
[00:01:15 -30090.043982] SLOW spr round 5 (radius: 5)
[00:01:18 -30089.517997] SLOW spr round 6 (radius: 5)
[00:01:21 -30089.517428] SLOW spr round 7 (radius: 10)
[00:01:22 -30089.517401] SLOW spr round 8 (radius: 15)
[00:01:22 -30089.517400] SLOW spr round 9 (radius: 20)
[00:01:23 -30089.517399] SLOW spr round 10 (radius: 25)
[00:01:23 -30089.517399] Model parameter optimization (eps = 0.100000)

[00:01:23] ML tree search #2, logLikelihood: -30089.490936

[00:01:24 -33116.958054] Initial branch length optimization
[00:01:24 -31469.690079] Model parameter optimization (eps = 10.000000)
[00:01:41 -30176.072458] AUTODETECT spr round 1 (radius: 5)
[00:01:41 -30134.092063] AUTODETECT spr round 2 (radius: 10)
[00:01:42 -30119.191412] AUTODETECT spr round 3 (radius: 15)
[00:01:42 -30119.170502] SPR radius for FAST iterations: 10 (autodetect)
[00:01:42 -30119.170502] Model parameter optimization (eps = 3.000000)
[00:01:44 -30108.245871] FAST spr round 1 (radius: 10)
[00:01:45 -30096.271924] FAST spr round 2 (radius: 10)
[00:01:47 -30091.882395] FAST spr round 3 (radius: 10)
[00:01:48 -30089.048100] FAST spr round 4 (radius: 10)
[00:01:49 -30088.400549] FAST spr round 5 (radius: 10)
[00:01:50 -30088.095465] FAST spr round 6 (radius: 10)
[00:01:51 -30088.023557] Model parameter optimization (eps = 1.000000)
[00:01:52 -30087.984440] SLOW spr round 1 (radius: 5)
[00:01:55 -30087.926979] SLOW spr round 2 (radius: 10)
[00:01:57 -30087.925034] SLOW spr round 3 (radius: 15)
[00:01:57 -30087.924862] SLOW spr round 4 (radius: 20)
[00:01:57 -30087.924847] SLOW spr round 5 (radius: 25)
[00:01:57 -30087.924845] Model parameter optimization (eps = 0.100000)

[00:01:58] ML tree search #3, logLikelihood: -30087.924576

[00:01:58 -33184.322556] Initial branch length optimization
[00:01:58 -31475.189145] Model parameter optimization (eps = 10.000000)
[00:02:14 -30176.519679] AUTODETECT spr round 1 (radius: 5)
[00:02:15 -30121.350814] AUTODETECT spr round 2 (radius: 10)
[00:02:16 -30112.653236] AUTODETECT spr round 3 (radius: 15)
[00:02:16 -30112.649976] SPR radius for FAST iterations: 10 (autodetect)
[00:02:16 -30112.649976] Model parameter optimization (eps = 3.000000)
[00:02:18 -30103.084197] FAST spr round 1 (radius: 10)
[00:02:19 -30096.396928] FAST spr round 2 (radius: 10)
[00:02:21 -30093.546501] FAST spr round 3 (radius: 10)
[00:02:22 -30093.270056] FAST spr round 4 (radius: 10)
[00:02:23 -30092.879132] FAST spr round 5 (radius: 10)
[00:02:24 -30092.727470] FAST spr round 6 (radius: 10)
[00:02:25 -30092.707059] Model parameter optimization (eps = 1.000000)
[00:02:26 -30092.691671] SLOW spr round 1 (radius: 5)
[00:02:29 -30092.311436] SLOW spr round 2 (radius: 5)
[00:02:32 -30092.311382] SLOW spr round 3 (radius: 10)
[00:02:34 -30090.387263] SLOW spr round 4 (radius: 5)
[00:02:37 -30090.363803] SLOW spr round 5 (radius: 10)
[00:02:38 -30090.363495] SLOW spr round 6 (radius: 15)
[00:02:38 -30090.363482] SLOW spr round 7 (radius: 20)
[00:02:39 -30090.363481] SLOW spr round 8 (radius: 25)
[00:02:39 -30090.363481] Model parameter optimization (eps = 0.100000)

[00:02:39] ML tree search #4, logLikelihood: -30090.355580

[00:02:39 -33189.958676] Initial branch length optimization
[00:02:39 -31457.787848] Model parameter optimization (eps = 10.000000)
[00:02:57 -30167.082110] AUTODETECT spr round 1 (radius: 5)
[00:02:57 -30135.416691] AUTODETECT spr round 2 (radius: 10)
[00:02:58 -30109.973980] AUTODETECT spr round 3 (radius: 15)
[00:02:58 -30109.961287] SPR radius for FAST iterations: 10 (autodetect)
[00:02:58 -30109.961287] Model parameter optimization (eps = 3.000000)
[00:03:00 -30100.738770] FAST spr round 1 (radius: 10)
[00:03:02 -30093.615073] FAST spr round 2 (radius: 10)
[00:03:03 -30093.257443] FAST spr round 3 (radius: 10)
[00:03:04 -30092.974794] FAST spr round 4 (radius: 10)
[00:03:06 -30090.711121] FAST spr round 5 (radius: 10)
[00:03:07 -30090.621247] Model parameter optimization (eps = 1.000000)
[00:03:08 -30090.439204] SLOW spr round 1 (radius: 5)
[00:03:11 -30089.265261] SLOW spr round 2 (radius: 5)
[00:03:13 -30089.264619] SLOW spr round 3 (radius: 10)
[00:03:16 -30089.264602] SLOW spr round 4 (radius: 15)
[00:03:16 -30089.264602] SLOW spr round 5 (radius: 20)
[00:03:16 -30089.264602] SLOW spr round 6 (radius: 25)
[00:03:16 -30089.264602] Model parameter optimization (eps = 0.100000)

[00:03:17] ML tree search #5, logLikelihood: -30089.262791

[00:03:17 -33010.968098] Initial branch length optimization
[00:03:17 -31480.325001] Model parameter optimization (eps = 10.000000)
[00:03:34 -30180.830128] AUTODETECT spr round 1 (radius: 5)
[00:03:35 -30125.447130] AUTODETECT spr round 2 (radius: 10)
[00:03:35 -30118.799820] AUTODETECT spr round 3 (radius: 15)
[00:03:35 -30118.796728] SPR radius for FAST iterations: 10 (autodetect)
[00:03:35 -30118.796728] Model parameter optimization (eps = 3.000000)
[00:03:38 -30108.028243] FAST spr round 1 (radius: 10)
[00:03:39 -30099.353165] FAST spr round 2 (radius: 10)
[00:03:41 -30092.704779] FAST spr round 3 (radius: 10)
[00:03:42 -30092.466095] FAST spr round 4 (radius: 10)
[00:03:43 -30092.380761] Model parameter optimization (eps = 1.000000)
[00:03:44 -30092.324315] SLOW spr round 1 (radius: 5)
[00:03:47 -30092.287909] SLOW spr round 2 (radius: 10)
[00:03:49 -30092.024935] SLOW spr round 3 (radius: 5)
[00:03:53 -30090.223090] SLOW spr round 4 (radius: 5)
[00:03:55 -30090.222113] SLOW spr round 5 (radius: 10)
[00:03:57 -30090.175099] SLOW spr round 6 (radius: 15)
[00:03:57 -30090.175067] SLOW spr round 7 (radius: 20)
[00:03:57 -30090.175066] SLOW spr round 8 (radius: 25)
[00:03:57 -30090.175066] Model parameter optimization (eps = 0.100000)

[00:03:58] ML tree search #6, logLikelihood: -30090.160461

[00:03:58 -32953.999403] Initial branch length optimization
[00:03:58 -31436.889795] Model parameter optimization (eps = 10.000000)
[00:04:16 -30164.449444] AUTODETECT spr round 1 (radius: 5)
[00:04:17 -30114.560057] AUTODETECT spr round 2 (radius: 10)
[00:04:17 -30112.509490] AUTODETECT spr round 3 (radius: 15)
[00:04:17 -30112.508542] SPR radius for FAST iterations: 10 (autodetect)
[00:04:17 -30112.508542] Model parameter optimization (eps = 3.000000)
[00:04:19 -30102.760932] FAST spr round 1 (radius: 10)
[00:04:21 -30089.897954] FAST spr round 2 (radius: 10)
[00:04:22 -30089.708413] FAST spr round 3 (radius: 10)
[00:04:23 -30089.579471] FAST spr round 4 (radius: 10)
[00:04:24 -30089.026365] FAST spr round 5 (radius: 10)
[00:04:25 -30089.025593] Model parameter optimization (eps = 1.000000)
[00:04:27 -30088.986927] SLOW spr round 1 (radius: 5)
[00:04:30 -30088.986845] SLOW spr round 2 (radius: 10)
[00:04:31 -30088.986844] SLOW spr round 3 (radius: 15)
[00:04:31 -30088.986844] SLOW spr round 4 (radius: 20)
[00:04:31 -30088.986844] SLOW spr round 5 (radius: 25)
[00:04:32 -30088.986844] Model parameter optimization (eps = 0.100000)

[00:04:32] ML tree search #7, logLikelihood: -30088.986670

[00:04:32 -33049.108470] Initial branch length optimization
[00:04:32 -31484.131245] Model parameter optimization (eps = 10.000000)
[00:04:54 -30178.618307] AUTODETECT spr round 1 (radius: 5)
[00:04:54 -30116.601133] AUTODETECT spr round 2 (radius: 10)
[00:04:55 -30110.146267] AUTODETECT spr round 3 (radius: 15)
[00:04:55 -30110.143596] SPR radius for FAST iterations: 10 (autodetect)
[00:04:55 -30110.143596] Model parameter optimization (eps = 3.000000)
[00:04:58 -30100.845480] FAST spr round 1 (radius: 10)
[00:04:59 -30095.882639] FAST spr round 2 (radius: 10)
[00:05:00 -30093.636308] FAST spr round 3 (radius: 10)
[00:05:02 -30089.092476] FAST spr round 4 (radius: 10)
[00:05:03 -30088.962953] FAST spr round 5 (radius: 10)
[00:05:04 -30088.171669] FAST spr round 6 (radius: 10)
[00:05:05 -30088.169575] Model parameter optimization (eps = 1.000000)
[00:05:06 -30088.020889] SLOW spr round 1 (radius: 5)
[00:05:09 -30087.962070] SLOW spr round 2 (radius: 10)
[00:05:11 -30087.962017] SLOW spr round 3 (radius: 15)
[00:05:11 -30087.962016] SLOW spr round 4 (radius: 20)
[00:05:11 -30087.962016] SLOW spr round 5 (radius: 25)
[00:05:11 -30087.962016] Model parameter optimization (eps = 0.100000)

[00:05:12] ML tree search #8, logLikelihood: -30087.961378

[00:05:12 -32914.548285] Initial branch length optimization
[00:05:12 -31466.004665] Model parameter optimization (eps = 10.000000)
[00:05:29 -30171.858590] AUTODETECT spr round 1 (radius: 5)
[00:05:30 -30113.672037] AUTODETECT spr round 2 (radius: 10)
[00:05:30 -30111.465145] AUTODETECT spr round 3 (radius: 15)
[00:05:30 -30111.463325] SPR radius for FAST iterations: 10 (autodetect)
[00:05:30 -30111.463325] Model parameter optimization (eps = 3.000000)
[00:05:33 -30101.526389] FAST spr round 1 (radius: 10)
[00:05:34 -30090.539766] FAST spr round 2 (radius: 10)
[00:05:36 -30090.048776] FAST spr round 3 (radius: 10)
[00:05:38 -30089.440161] FAST spr round 4 (radius: 10)
[00:05:40 -30089.439714] Model parameter optimization (eps = 1.000000)
[00:05:41 -30089.358249] SLOW spr round 1 (radius: 5)
[00:05:44 -30088.054223] SLOW spr round 2 (radius: 5)
[00:05:46 -30088.000070] SLOW spr round 3 (radius: 10)
[00:05:48 -30088.000001] SLOW spr round 4 (radius: 15)
[00:05:48 -30088.000000] SLOW spr round 5 (radius: 20)
[00:05:48 -30088.000000] SLOW spr round 6 (radius: 25)
[00:05:48 -30088.000000] Model parameter optimization (eps = 0.100000)

[00:05:49] ML tree search #9, logLikelihood: -30087.988461

[00:05:49 -33115.702436] Initial branch length optimization
[00:05:49 -31453.934156] Model parameter optimization (eps = 10.000000)
[00:06:08 -30167.763431] AUTODETECT spr round 1 (radius: 5)
[00:06:08 -30115.003555] AUTODETECT spr round 2 (radius: 10)
[00:06:09 -30101.778717] AUTODETECT spr round 3 (radius: 15)
[00:06:09 -30101.777684] SPR radius for FAST iterations: 10 (autodetect)
[00:06:09 -30101.777684] Model parameter optimization (eps = 3.000000)
[00:06:12 -30091.816426] FAST spr round 1 (radius: 10)
[00:06:13 -30089.807944] FAST spr round 2 (radius: 10)
[00:06:15 -30089.545978] FAST spr round 3 (radius: 10)
[00:06:16 -30088.159327] FAST spr round 4 (radius: 10)
[00:06:17 -30088.085634] Model parameter optimization (eps = 1.000000)
[00:06:18 -30088.043301] SLOW spr round 1 (radius: 5)
[00:06:21 -30087.915789] SLOW spr round 2 (radius: 5)
[00:06:24 -30087.909849] SLOW spr round 3 (radius: 10)
[00:06:25 -30087.909290] SLOW spr round 4 (radius: 15)
[00:06:25 -30087.909269] SLOW spr round 5 (radius: 20)
[00:06:26 -30087.909265] SLOW spr round 6 (radius: 25)
[00:06:26 -30087.909265] Model parameter optimization (eps = 0.100000)

[00:06:26] ML tree search #10, logLikelihood: -30087.907917

[00:06:26 -32969.596762] Initial branch length optimization
[00:06:26 -31432.297986] Model parameter optimization (eps = 10.000000)
[00:06:45 -30159.714470] AUTODETECT spr round 1 (radius: 5)
[00:06:45 -30122.175599] AUTODETECT spr round 2 (radius: 10)
[00:06:46 -30117.514133] AUTODETECT spr round 3 (radius: 15)
[00:06:46 -30117.509139] SPR radius for FAST iterations: 10 (autodetect)
[00:06:46 -30117.509139] Model parameter optimization (eps = 3.000000)
[00:06:48 -30108.318083] FAST spr round 1 (radius: 10)
[00:06:50 -30103.705039] FAST spr round 2 (radius: 10)
[00:06:51 -30098.216179] FAST spr round 3 (radius: 10)
[00:06:53 -30096.871280] FAST spr round 4 (radius: 10)
[00:06:54 -30096.870783] Model parameter optimization (eps = 1.000000)
[00:06:55 -30096.772951] SLOW spr round 1 (radius: 5)
[00:06:58 -30096.704086] SLOW spr round 2 (radius: 10)
[00:06:59 -30096.703444] SLOW spr round 3 (radius: 15)
[00:07:00 -30096.703391] SLOW spr round 4 (radius: 20)
[00:07:00 -30096.703387] SLOW spr round 5 (radius: 25)
[00:07:00 -30096.703387] Model parameter optimization (eps = 0.100000)

[00:07:01] ML tree search #11, logLikelihood: -30096.701160

[00:07:01 -33025.711646] Initial branch length optimization
[00:07:01 -31426.216396] Model parameter optimization (eps = 10.000000)
[00:07:17 -30163.141196] AUTODETECT spr round 1 (radius: 5)
[00:07:18 -30115.707248] AUTODETECT spr round 2 (radius: 10)
[00:07:18 -30105.390201] AUTODETECT spr round 3 (radius: 15)
[00:07:19 -30105.369731] SPR radius for FAST iterations: 10 (autodetect)
[00:07:19 -30105.369731] Model parameter optimization (eps = 3.000000)
[00:07:22 -30095.866673] FAST spr round 1 (radius: 10)
[00:07:25 -30091.087034] FAST spr round 2 (radius: 10)
[00:07:26 -30091.086075] Model parameter optimization (eps = 1.000000)
[00:07:26 -30091.079959] SLOW spr round 1 (radius: 5)
[00:07:29 -30091.035411] SLOW spr round 2 (radius: 10)
[00:07:31 -30089.298373] SLOW spr round 3 (radius: 5)
[00:07:34 -30088.069312] SLOW spr round 4 (radius: 5)
[00:07:37 -30088.068925] SLOW spr round 5 (radius: 10)
[00:07:38 -30088.068915] SLOW spr round 6 (radius: 15)
[00:07:38 -30088.068915] SLOW spr round 7 (radius: 20)
[00:07:38 -30088.068915] SLOW spr round 8 (radius: 25)
[00:07:38 -30088.068915] Model parameter optimization (eps = 0.100000)

[00:07:39] ML tree search #12, logLikelihood: -30087.893357

[00:07:39 -32982.278535] Initial branch length optimization
[00:07:39 -31448.771908] Model parameter optimization (eps = 10.000000)
[00:07:59 -30167.500575] AUTODETECT spr round 1 (radius: 5)
[00:08:00 -30131.730903] AUTODETECT spr round 2 (radius: 10)
[00:08:00 -30114.770034] AUTODETECT spr round 3 (radius: 15)
[00:08:00 -30114.769620] SPR radius for FAST iterations: 10 (autodetect)
[00:08:00 -30114.769620] Model parameter optimization (eps = 3.000000)
[00:08:02 -30104.814234] FAST spr round 1 (radius: 10)
[00:08:04 -30098.970515] FAST spr round 2 (radius: 10)
[00:08:05 -30093.890010] FAST spr round 3 (radius: 10)
[00:08:06 -30089.612179] FAST spr round 4 (radius: 10)
[00:08:08 -30089.220849] FAST spr round 5 (radius: 10)
[00:08:09 -30089.220619] Model parameter optimization (eps = 1.000000)
[00:08:10 -30089.140616] SLOW spr round 1 (radius: 5)
[00:08:13 -30089.136392] SLOW spr round 2 (radius: 10)
[00:08:15 -30089.136361] SLOW spr round 3 (radius: 15)
[00:08:15 -30089.136360] SLOW spr round 4 (radius: 20)
[00:08:15 -30089.136360] SLOW spr round 5 (radius: 25)
[00:08:15 -30089.136360] Model parameter optimization (eps = 0.100000)

[00:08:16] ML tree search #13, logLikelihood: -30089.136165

[00:08:16 -32929.930485] Initial branch length optimization
[00:08:16 -31423.088356] Model parameter optimization (eps = 10.000000)
[00:08:33 -30157.562675] AUTODETECT spr round 1 (radius: 5)
[00:08:33 -30116.101893] AUTODETECT spr round 2 (radius: 10)
[00:08:34 -30116.095437] SPR radius for FAST iterations: 5 (autodetect)
[00:08:34 -30116.095437] Model parameter optimization (eps = 3.000000)
[00:08:36 -30108.265033] FAST spr round 1 (radius: 5)
[00:08:37 -30106.777401] FAST spr round 2 (radius: 5)
[00:08:38 -30106.769845] Model parameter optimization (eps = 1.000000)
[00:08:39 -30106.762419] SLOW spr round 1 (radius: 5)
[00:08:42 -30106.761699] SLOW spr round 2 (radius: 10)
[00:08:43 -30106.221315] SLOW spr round 3 (radius: 5)
[00:08:46 -30096.985976] SLOW spr round 4 (radius: 5)
[00:08:49 -30092.393302] SLOW spr round 5 (radius: 5)
[00:08:51 -30092.327203] SLOW spr round 6 (radius: 10)
[00:08:53 -30092.327095] SLOW spr round 7 (radius: 15)
[00:08:54 -30092.327094] SLOW spr round 8 (radius: 20)
[00:08:54 -30092.327094] SLOW spr round 9 (radius: 25)
[00:08:54 -30092.327094] Model parameter optimization (eps = 0.100000)

[00:08:55] ML tree search #14, logLikelihood: -30092.106940

[00:08:55 -32739.517816] Initial branch length optimization
[00:08:55 -31459.091250] Model parameter optimization (eps = 10.000000)
[00:09:13 -30170.317226] AUTODETECT spr round 1 (radius: 5)
[00:09:14 -30130.002955] AUTODETECT spr round 2 (radius: 10)
[00:09:14 -30121.268508] AUTODETECT spr round 3 (radius: 15)
[00:09:15 -30121.260919] SPR radius for FAST iterations: 10 (autodetect)
[00:09:15 -30121.260919] Model parameter optimization (eps = 3.000000)
[00:09:17 -30110.762907] FAST spr round 1 (radius: 10)
[00:09:18 -30104.791749] FAST spr round 2 (radius: 10)
[00:09:20 -30099.747205] FAST spr round 3 (radius: 10)
[00:09:21 -30098.825669] FAST spr round 4 (radius: 10)
[00:09:22 -30097.933720] FAST spr round 5 (radius: 10)
[00:09:24 -30097.791950] FAST spr round 6 (radius: 10)
[00:09:25 -30097.494301] FAST spr round 7 (radius: 10)
[00:09:26 -30097.494015] Model parameter optimization (eps = 1.000000)
[00:09:27 -30097.461824] SLOW spr round 1 (radius: 5)
[00:09:30 -30097.459271] SLOW spr round 2 (radius: 10)
[00:09:32 -30097.459259] SLOW spr round 3 (radius: 15)
[00:09:32 -30097.459259] SLOW spr round 4 (radius: 20)
[00:09:32 -30097.459259] SLOW spr round 5 (radius: 25)
[00:09:32 -30097.459259] Model parameter optimization (eps = 0.100000)

[00:09:33] ML tree search #15, logLikelihood: -30097.459204

[00:09:33 -33128.240242] Initial branch length optimization
[00:09:33 -31443.898455] Model parameter optimization (eps = 10.000000)
[00:09:48 -30165.411121] AUTODETECT spr round 1 (radius: 5)
[00:09:48 -30133.886780] AUTODETECT spr round 2 (radius: 10)
[00:09:49 -30126.406430] AUTODETECT spr round 3 (radius: 15)
[00:09:49 -30126.397568] SPR radius for FAST iterations: 10 (autodetect)
[00:09:49 -30126.397568] Model parameter optimization (eps = 3.000000)
[00:09:51 -30125.745375] FAST spr round 1 (radius: 10)
[00:09:53 -30102.555994] FAST spr round 2 (radius: 10)
[00:09:54 -30101.773981] FAST spr round 3 (radius: 10)
[00:09:55 -30100.385913] FAST spr round 4 (radius: 10)
[00:09:56 -30100.052413] FAST spr round 5 (radius: 10)
[00:09:57 -30100.052390] Model parameter optimization (eps = 1.000000)
[00:10:00 -30092.227873] SLOW spr round 1 (radius: 5)
[00:10:03 -30092.227579] SLOW spr round 2 (radius: 10)
[00:10:04 -30092.227564] SLOW spr round 3 (radius: 15)
[00:10:05 -30092.227562] SLOW spr round 4 (radius: 20)
[00:10:05 -30092.227562] SLOW spr round 5 (radius: 25)
[00:10:05 -30092.227562] Model parameter optimization (eps = 0.100000)

[00:10:05] ML tree search #16, logLikelihood: -30092.227521

[00:10:05 -32943.974206] Initial branch length optimization
[00:10:05 -31457.175044] Model parameter optimization (eps = 10.000000)
[00:10:23 -30170.199765] AUTODETECT spr round 1 (radius: 5)
[00:10:23 -30107.114834] AUTODETECT spr round 2 (radius: 10)
[00:10:24 -30107.112730] SPR radius for FAST iterations: 5 (autodetect)
[00:10:24 -30107.112730] Model parameter optimization (eps = 3.000000)
[00:10:27 -30096.661422] FAST spr round 1 (radius: 5)
[00:10:29 -30092.674831] FAST spr round 2 (radius: 5)
[00:10:30 -30090.597928] FAST spr round 3 (radius: 5)
[00:10:31 -30090.346700] FAST spr round 4 (radius: 5)
[00:10:32 -30089.580832] FAST spr round 5 (radius: 5)
[00:10:33 -30089.485080] Model parameter optimization (eps = 1.000000)
[00:10:33 -30089.471186] SLOW spr round 1 (radius: 5)
[00:10:36 -30089.470185] SLOW spr round 2 (radius: 10)
[00:10:38 -30089.470102] SLOW spr round 3 (radius: 15)
[00:10:38 -30089.470095] SLOW spr round 4 (radius: 20)
[00:10:38 -30089.470095] SLOW spr round 5 (radius: 25)
[00:10:38 -30089.470095] Model parameter optimization (eps = 0.100000)

[00:10:39] ML tree search #17, logLikelihood: -30089.470055

[00:10:39 -32865.574912] Initial branch length optimization
[00:10:39 -31434.432681] Model parameter optimization (eps = 10.000000)
[00:10:58 -30160.948219] AUTODETECT spr round 1 (radius: 5)
[00:10:59 -30123.813095] AUTODETECT spr round 2 (radius: 10)
[00:11:00 -30119.667290] AUTODETECT spr round 3 (radius: 15)
[00:11:00 -30119.667053] SPR radius for FAST iterations: 10 (autodetect)
[00:11:00 -30119.667053] Model parameter optimization (eps = 3.000000)
[00:11:01 -30119.057949] FAST spr round 1 (radius: 10)
[00:11:03 -30113.114056] FAST spr round 2 (radius: 10)
[00:11:04 -30099.505826] FAST spr round 3 (radius: 10)
[00:11:06 -30098.928912] FAST spr round 4 (radius: 10)
[00:11:07 -30098.180115] FAST spr round 5 (radius: 10)
[00:11:08 -30097.411100] FAST spr round 6 (radius: 10)
[00:11:09 -30096.965727] FAST spr round 7 (radius: 10)
[00:11:11 -30096.965536] Model parameter optimization (eps = 1.000000)
[00:11:13 -30088.032744] SLOW spr round 1 (radius: 5)
[00:11:16 -30087.972413] SLOW spr round 2 (radius: 10)
[00:11:17 -30087.972305] SLOW spr round 3 (radius: 15)
[00:11:18 -30087.972302] SLOW spr round 4 (radius: 20)
[00:11:18 -30087.972302] SLOW spr round 5 (radius: 25)
[00:11:18 -30087.972302] Model parameter optimization (eps = 0.100000)

[00:11:18] ML tree search #18, logLikelihood: -30087.971320

[00:11:18 -33088.051374] Initial branch length optimization
[00:11:18 -31416.062034] Model parameter optimization (eps = 10.000000)
[00:11:36 -30161.288240] AUTODETECT spr round 1 (radius: 5)
[00:11:37 -30116.665959] AUTODETECT spr round 2 (radius: 10)
[00:11:37 -30105.484377] AUTODETECT spr round 3 (radius: 15)
[00:11:38 -30105.472488] SPR radius for FAST iterations: 10 (autodetect)
[00:11:38 -30105.472488] Model parameter optimization (eps = 3.000000)
[00:11:40 -30095.783836] FAST spr round 1 (radius: 10)
[00:11:42 -30092.422252] FAST spr round 2 (radius: 10)
[00:11:43 -30092.187810] FAST spr round 3 (radius: 10)
[00:11:44 -30092.186709] Model parameter optimization (eps = 1.000000)
[00:11:45 -30092.169118] SLOW spr round 1 (radius: 5)
[00:11:48 -30092.168928] SLOW spr round 2 (radius: 10)
[00:11:49 -30092.054344] SLOW spr round 3 (radius: 5)
[00:11:52 -30089.094162] SLOW spr round 4 (radius: 5)
[00:11:55 -30088.854845] SLOW spr round 5 (radius: 5)
[00:11:57 -30088.037673] SLOW spr round 6 (radius: 5)
[00:11:59 -30087.973053] SLOW spr round 7 (radius: 10)
[00:12:00 -30087.972911] SLOW spr round 8 (radius: 15)
[00:12:00 -30087.972908] SLOW spr round 9 (radius: 20)
[00:12:01 -30087.972907] SLOW spr round 10 (radius: 25)
[00:12:01 -30087.972907] Model parameter optimization (eps = 0.100000)

[00:12:02] ML tree search #19, logLikelihood: -30087.915405

[00:12:02 -33080.955120] Initial branch length optimization
[00:12:02 -31405.714747] Model parameter optimization (eps = 10.000000)
[00:12:21 -30153.520433] AUTODETECT spr round 1 (radius: 5)
[00:12:22 -30111.963088] AUTODETECT spr round 2 (radius: 10)
[00:12:23 -30110.603255] AUTODETECT spr round 3 (radius: 15)
[00:12:23 -30110.599677] SPR radius for FAST iterations: 10 (autodetect)
[00:12:23 -30110.599677] Model parameter optimization (eps = 3.000000)
[00:12:25 -30100.514531] FAST spr round 1 (radius: 10)
[00:12:27 -30094.663249] FAST spr round 2 (radius: 10)
[00:12:28 -30094.662346] Model parameter optimization (eps = 1.000000)
[00:12:29 -30094.616484] SLOW spr round 1 (radius: 5)
[00:12:32 -30091.625498] SLOW spr round 2 (radius: 5)
[00:12:35 -30089.263700] SLOW spr round 3 (radius: 5)
[00:12:37 -30089.180711] SLOW spr round 4 (radius: 10)
[00:12:38 -30089.180307] SLOW spr round 5 (radius: 15)
[00:12:38 -30089.180304] SLOW spr round 6 (radius: 20)
[00:12:38 -30089.180303] SLOW spr round 7 (radius: 25)
[00:12:39 -30089.180303] Model parameter optimization (eps = 0.100000)

[00:12:39] ML tree search #20, logLikelihood: -30089.132213


Optimized model parameters:

   Partition 0: noname
   Rate heterogeneity: NONE
   Base frequencies (ML): 0.123922 0.175500 0.186539 0.142632 0.000124 0.000124 0.027287 0.013436 0.000124 0.000124 0.054291 0.119964 0.000124 0.000124 0.107389 0.048298 
   Substitution rates (ML): 0.001000 0.001000 0.001000 584.390830 509.997874 590.790537 0.001000 0.001000 0.001000 584.390830 509.997874 590.790537 0.001000 0.001000 0.001000 0.001000 0.001000 584.390830 0.001000 0.001000 1.000000 642.348880 0.001000 584.390830 0.001000 0.001000 1.000000 642.348880 0.001000 0.001000 0.001000 509.997874 0.001000 1.000000 0.001000 614.207938 0.001000 509.997874 0.001000 1.000000 0.001000 614.207938 0.001000 0.001000 590.790537 0.001000 642.348880 614.207938 0.001000 0.001000 590.790537 0.001000 642.348880 614.207938 1.000000 642.348880 509.997874 590.790537 0.001000 0.001000 0.001000 0.001000 509.997874 590.790537 0.001000 614.207938 584.390830 0.001000 590.790537 0.001000 0.001000 0.001000 0.001000 0.001000 590.790537 0.001000 584.390830 509.997874 0.001000 0.001000 0.001000 0.001000 0.001000 0.001000 614.207938 642.348880 509.997874 0.001000 0.001000 0.001000 0.001000 642.348880 1.000000 590.790537 0.001000 0.001000 0.001000 0.001000 0.001000 0.001000 590.790537 0.001000 642.348880 0.001000 0.001000 1.000000 642.348880 0.001000 0.001000 0.001000 614.207938 584.390830 0.001000 0.001000 0.001000 584.390830 509.997874 614.207938 0.001000 1.000000 


Final LogLikelihood: -30087.893357

AIC score: 60311.786714 / AICc score: 60333.559336 / BIC score: 60598.380065
Free parameters (model + branch lengths): 68

Best ML tree saved to: /mnt/c/Users/MIKTech/Desktop/CellPhyD/cellphy/example/CRC24.VCF.GL16.Tree.raxml.bestTree
All ML trees saved to: /mnt/c/Users/MIKTech/Desktop/CellPhyD/cellphy/example/CRC24.VCF.GL16.Tree.raxml.mlTrees
Optimized model saved to: /mnt/c/Users/MIKTech/Desktop/CellPhyD/cellphy/example/CRC24.VCF.GL16.Tree.raxml.bestModel

Execution log saved to: /mnt/c/Users/MIKTech/Desktop/CellPhyD/cellphy/example/CRC24.VCF.GL16.Tree.raxml.log

Analysis started: 10-Oct-2021 21:42:26 / finished: 10-Oct-2021 21:55:06

Elapsed time: 759.839 seconds

