
RAxML-NG v. 0.9.0git (CellPHY branch) released on 08.07.2021 by The Exelixis Lab.
Developed by: Alexey M. Kozlov and Alexandros Stamatakis.
Contributors: Diego Darriba, Tomas Flouri, Benoit Morel, Sarah Lutteropp, Ben Bettisworth.
Latest version: https://github.com/amkozlov/raxml-ng
Questions/problems/suggestions? Please visit: https://groups.google.com/forum/#!forum/raxml

RAxML-NG was called at 09-Oct-2021 20:55:19 as follows:

../bin/raxml-ng-cellphy-linux --msa CRC24.ToySet.phy --model GT16+FO+E --seed 2 --threads 1 --prefix CRC24.PHY.ML16.Tree

Analysis options:
  run mode: ML tree search
  start tree(s): random (10) + parsimony (10)
  random seed: 2
  tip-inner: OFF
  pattern compression: ON
  per-rate scalers: OFF
  site repeats: ON
  fast spr radius: AUTO
  spr subtree cutoff: 1.000000
  branch lengths: proportional (ML estimate, algorithm: NR-FAST)
  SIMD kernels: AVX
  parallelization: NONE/sequential

[00:00:00] Reading alignment from file: CRC24.ToySet.phy
[00:00:00] Loaded alignment with 25 taxa and 500 sites

Alignment comprises 1 partitions and 500 patterns

Partition 0: noname
Model: GT16+FO+ERR_P20
Alignment sites / patterns: 500 / 500
Gaps: 31.14 %
Invariant sites: 0.00 %


NOTE: Binary MSA file created: CRC24.PHY.ML16.Tree.raxml.rba

[00:00:00] Generating 10 random starting tree(s) with 25 taxa
[00:00:00] Generating 10 parsimony starting tree(s) with 25 taxa
[00:00:00] Data distribution: max. partitions/sites/weight per thread: 1 / 500 / 8000

Starting ML tree search with 20 distinct starting trees

[00:00:00 -16575.185310] Initial branch length optimization
[00:00:00 -15507.842378] Model parameter optimization (eps = 10.000000)
[00:00:12 -9795.936260] AUTODETECT spr round 1 (radius: 5)
[00:00:13 -9678.725223] AUTODETECT spr round 2 (radius: 10)
[00:00:13 -9662.888775] AUTODETECT spr round 3 (radius: 15)
[00:00:13 -9662.882938] SPR radius for FAST iterations: 10 (autodetect)
[00:00:13 -9662.882938] Model parameter optimization (eps = 3.000000)
[00:00:17 -9651.109426] FAST spr round 1 (radius: 10)
[00:00:18 -9641.498479] FAST spr round 2 (radius: 10)
[00:00:18 -9641.135656] FAST spr round 3 (radius: 10)
[00:00:19 -9641.134716] Model parameter optimization (eps = 1.000000)
[00:00:20 -9640.694268] SLOW spr round 1 (radius: 5)
[00:00:21 -9640.689376] SLOW spr round 2 (radius: 10)
[00:00:22 -9640.570004] SLOW spr round 3 (radius: 5)
[00:00:25 -9639.836210] SLOW spr round 4 (radius: 5)
[00:00:27 -9639.835897] SLOW spr round 5 (radius: 10)
[00:00:28 -9639.499050] SLOW spr round 6 (radius: 5)
[00:00:30 -9635.601098] SLOW spr round 7 (radius: 5)
[00:00:32 -9635.122285] SLOW spr round 8 (radius: 5)
[00:00:34 -9634.181975] SLOW spr round 9 (radius: 5)
[00:00:35 -9634.124996] SLOW spr round 10 (radius: 10)
[00:00:36 -9634.124322] SLOW spr round 11 (radius: 15)
[00:00:37 -9634.124246] SLOW spr round 12 (radius: 20)
[00:00:37 -9634.124236] SLOW spr round 13 (radius: 25)
[00:00:37 -9634.124235] Model parameter optimization (eps = 0.100000)

[00:00:39] ML tree search #1, logLikelihood: -9632.577138

[00:00:39 -11030.710625] Initial branch length optimization
[00:00:39 -10111.151597] Model parameter optimization (eps = 10.000000)
[00:00:59 -9659.892290] AUTODETECT spr round 1 (radius: 5)
[00:00:59 -9602.547710] AUTODETECT spr round 2 (radius: 10)
[00:01:00 -9579.822108] AUTODETECT spr round 3 (radius: 15)
[00:01:00 -9579.818421] SPR radius for FAST iterations: 10 (autodetect)
[00:01:00 -9579.818421] Model parameter optimization (eps = 3.000000)
[00:01:03 -9564.769510] FAST spr round 1 (radius: 10)
[00:01:04 -9552.558812] FAST spr round 2 (radius: 10)
[00:01:05 -9551.379595] FAST spr round 3 (radius: 10)
[00:01:06 -9549.919536] FAST spr round 4 (radius: 10)
[00:01:06 -9549.410275] FAST spr round 5 (radius: 10)
[00:01:07 -9549.152328] FAST spr round 6 (radius: 10)
[00:01:07 -9549.151960] Model parameter optimization (eps = 1.000000)
[00:01:11 -9546.078026] SLOW spr round 1 (radius: 5)
[00:01:13 -9545.680622] SLOW spr round 2 (radius: 5)
[00:01:14 -9545.678217] SLOW spr round 3 (radius: 10)
[00:01:15 -9545.678081] SLOW spr round 4 (radius: 15)
[00:01:16 -9545.678074] SLOW spr round 5 (radius: 20)
[00:01:16 -9545.678073] SLOW spr round 6 (radius: 25)
[00:01:17 -9545.678073] Model parameter optimization (eps = 0.100000)

[00:01:19] ML tree search #2, logLikelihood: -9545.525298

[00:01:19 -11033.430077] Initial branch length optimization
[00:01:19 -10102.715908] Model parameter optimization (eps = 10.000000)
[00:01:37 -9659.833123] AUTODETECT spr round 1 (radius: 5)
[00:01:38 -9602.528235] AUTODETECT spr round 2 (radius: 10)
[00:01:38 -9598.632226] AUTODETECT spr round 3 (radius: 15)
[00:01:38 -9598.607048] SPR radius for FAST iterations: 10 (autodetect)
[00:01:38 -9598.607048] Model parameter optimization (eps = 3.000000)
[00:01:41 -9594.838306] FAST spr round 1 (radius: 10)
[00:01:42 -9565.906113] FAST spr round 2 (radius: 10)
[00:01:43 -9564.309338] FAST spr round 3 (radius: 10)
[00:01:43 -9563.947388] FAST spr round 4 (radius: 10)
[00:01:44 -9563.945239] Model parameter optimization (eps = 1.000000)
[00:01:48 -9559.508759] SLOW spr round 1 (radius: 5)
[00:01:49 -9559.501540] SLOW spr round 2 (radius: 10)
[00:01:51 -9554.867592] SLOW spr round 3 (radius: 5)
[00:01:53 -9554.103357] SLOW spr round 4 (radius: 5)
[00:01:55 -9554.100871] SLOW spr round 5 (radius: 10)
[00:01:56 -9554.100795] SLOW spr round 6 (radius: 15)
[00:01:57 -9554.100793] SLOW spr round 7 (radius: 20)
[00:01:57 -9554.100793] SLOW spr round 8 (radius: 25)
[00:01:57 -9554.100793] Model parameter optimization (eps = 0.100000)

[00:02:00] ML tree search #3, logLikelihood: -9550.186400

[00:02:00 -11061.313984] Initial branch length optimization
[00:02:00 -10114.684978] Model parameter optimization (eps = 10.000000)
[00:02:21 -9676.469969] AUTODETECT spr round 1 (radius: 5)
[00:02:21 -9604.991198] AUTODETECT spr round 2 (radius: 10)
[00:02:22 -9586.051165] AUTODETECT spr round 3 (radius: 15)
[00:02:22 -9586.043877] SPR radius for FAST iterations: 10 (autodetect)
[00:02:22 -9586.043877] Model parameter optimization (eps = 3.000000)
[00:02:27 -9576.707200] FAST spr round 1 (radius: 10)
[00:02:28 -9563.512796] FAST spr round 2 (radius: 10)
[00:02:30 -9558.601386] FAST spr round 3 (radius: 10)
[00:02:30 -9558.565601] Model parameter optimization (eps = 1.000000)
[00:02:39 -9541.236081] SLOW spr round 1 (radius: 5)
[00:02:41 -9540.866790] SLOW spr round 2 (radius: 5)
[00:02:43 -9540.639349] SLOW spr round 3 (radius: 5)
[00:02:45 -9540.638274] SLOW spr round 4 (radius: 10)
[00:02:46 -9539.807166] SLOW spr round 5 (radius: 5)
[00:02:48 -9537.925081] SLOW spr round 6 (radius: 5)
[00:02:50 -9537.818464] SLOW spr round 7 (radius: 5)
[00:02:52 -9537.817026] SLOW spr round 8 (radius: 10)
[00:02:53 -9537.816975] SLOW spr round 9 (radius: 15)
[00:02:54 -9537.816973] SLOW spr round 10 (radius: 20)
[00:02:55 -9537.816973] SLOW spr round 11 (radius: 25)
[00:02:55 -9537.816973] Model parameter optimization (eps = 0.100000)

[00:02:58] ML tree search #4, logLikelihood: -9537.426719

[00:02:58 -11044.155276] Initial branch length optimization
[00:02:58 -10110.114717] Model parameter optimization (eps = 10.000000)
[00:03:16 -9665.490133] AUTODETECT spr round 1 (radius: 5)
[00:03:16 -9593.877430] AUTODETECT spr round 2 (radius: 10)
[00:03:17 -9585.134757] AUTODETECT spr round 3 (radius: 15)
[00:03:17 -9581.413893] AUTODETECT spr round 4 (radius: 20)
[00:03:17 -9581.405785] SPR radius for FAST iterations: 15 (autodetect)
[00:03:17 -9581.405785] Model parameter optimization (eps = 3.000000)
[00:03:20 -9575.504052] FAST spr round 1 (radius: 15)
[00:03:21 -9557.907129] FAST spr round 2 (radius: 15)
[00:03:22 -9556.549941] FAST spr round 3 (radius: 15)
[00:03:22 -9556.515953] Model parameter optimization (eps = 1.000000)
[00:03:26 -9545.704049] SLOW spr round 1 (radius: 5)
[00:03:27 -9545.695554] SLOW spr round 2 (radius: 10)
[00:03:29 -9545.695397] SLOW spr round 3 (radius: 15)
[00:03:30 -9545.695377] SLOW spr round 4 (radius: 20)
[00:03:30 -9545.695370] SLOW spr round 5 (radius: 25)
[00:03:30 -9545.695368] Model parameter optimization (eps = 0.100000)

[00:03:30] ML tree search #5, logLikelihood: -9545.689351

[00:03:30 -11028.758423] Initial branch length optimization
[00:03:30 -10099.766810] Model parameter optimization (eps = 10.000000)
[00:03:48 -9662.124113] AUTODETECT spr round 1 (radius: 5)
[00:03:48 -9595.955830] AUTODETECT spr round 2 (radius: 10)
[00:03:49 -9581.814924] AUTODETECT spr round 3 (radius: 15)
[00:03:49 -9581.809908] SPR radius for FAST iterations: 10 (autodetect)
[00:03:49 -9581.809908] Model parameter optimization (eps = 3.000000)
[00:03:54 -9575.245734] FAST spr round 1 (radius: 10)
[00:03:55 -9569.518084] FAST spr round 2 (radius: 10)
[00:03:56 -9560.679544] FAST spr round 3 (radius: 10)
[00:03:57 -9559.927096] FAST spr round 4 (radius: 10)
[00:03:57 -9559.719517] FAST spr round 5 (radius: 10)
[00:03:58 -9559.103918] FAST spr round 6 (radius: 10)
[00:03:59 -9559.101144] Model parameter optimization (eps = 1.000000)
[00:04:03 -9551.854018] SLOW spr round 1 (radius: 5)
[00:04:04 -9551.793642] SLOW spr round 2 (radius: 10)
[00:04:05 -9551.790314] SLOW spr round 3 (radius: 15)
[00:04:06 -9551.789886] SLOW spr round 4 (radius: 20)
[00:04:07 -9551.789821] SLOW spr round 5 (radius: 25)
[00:04:07 -9551.789810] Model parameter optimization (eps = 0.100000)

[00:04:08] ML tree search #6, logLikelihood: -9551.733069

[00:04:08 -11014.775971] Initial branch length optimization
[00:04:08 -10107.231434] Model parameter optimization (eps = 10.000000)
[00:04:27 -9667.801653] AUTODETECT spr round 1 (radius: 5)
[00:04:28 -9599.962109] AUTODETECT spr round 2 (radius: 10)
[00:04:28 -9584.756698] AUTODETECT spr round 3 (radius: 15)
[00:04:28 -9584.743390] SPR radius for FAST iterations: 10 (autodetect)
[00:04:28 -9584.743390] Model parameter optimization (eps = 3.000000)
[00:04:32 -9580.955526] FAST spr round 1 (radius: 10)
[00:04:33 -9578.063370] FAST spr round 2 (radius: 10)
[00:04:34 -9577.330046] FAST spr round 3 (radius: 10)
[00:04:34 -9576.405192] FAST spr round 4 (radius: 10)
[00:04:35 -9572.912667] FAST spr round 5 (radius: 10)
[00:04:36 -9568.054635] FAST spr round 6 (radius: 10)
[00:04:37 -9567.126035] FAST spr round 7 (radius: 10)
[00:04:38 -9563.140630] FAST spr round 8 (radius: 10)
[00:04:39 -9562.230749] FAST spr round 9 (radius: 10)
[00:04:39 -9561.768882] FAST spr round 10 (radius: 10)
[00:04:40 -9561.518694] FAST spr round 11 (radius: 10)
[00:04:41 -9561.516701] Model parameter optimization (eps = 1.000000)
[00:04:46 -9551.830227] SLOW spr round 1 (radius: 5)
[00:04:48 -9549.751506] SLOW spr round 2 (radius: 5)
[00:04:49 -9549.713125] SLOW spr round 3 (radius: 10)
[00:04:51 -9549.710393] SLOW spr round 4 (radius: 15)
[00:04:52 -9549.709557] SLOW spr round 5 (radius: 20)
[00:04:52 -9549.709293] SLOW spr round 6 (radius: 25)
[00:04:52 -9549.709209] Model parameter optimization (eps = 0.100000)

[00:04:53] ML tree search #7, logLikelihood: -9549.621897

[00:04:53 -11031.291096] Initial branch length optimization
[00:04:54 -10104.100287] Model parameter optimization (eps = 10.000000)
[00:05:16 -9667.742818] AUTODETECT spr round 1 (radius: 5)
[00:05:17 -9596.737067] AUTODETECT spr round 2 (radius: 10)
[00:05:17 -9580.596937] AUTODETECT spr round 3 (radius: 15)
[00:05:18 -9580.582438] SPR radius for FAST iterations: 10 (autodetect)
[00:05:18 -9580.582438] Model parameter optimization (eps = 3.000000)
[00:05:21 -9569.269730] FAST spr round 1 (radius: 10)
[00:05:22 -9557.440451] FAST spr round 2 (radius: 10)
[00:05:23 -9556.955742] FAST spr round 3 (radius: 10)
[00:05:24 -9550.082867] FAST spr round 4 (radius: 10)
[00:05:25 -9550.037999] Model parameter optimization (eps = 1.000000)
[00:05:28 -9546.940994] SLOW spr round 1 (radius: 5)
[00:05:29 -9546.938432] SLOW spr round 2 (radius: 10)
[00:05:31 -9546.938344] SLOW spr round 3 (radius: 15)
[00:05:32 -9546.938341] SLOW spr round 4 (radius: 20)
[00:05:32 -9546.938341] SLOW spr round 5 (radius: 25)
[00:05:32 -9546.938341] Model parameter optimization (eps = 0.100000)

[00:05:32] ML tree search #8, logLikelihood: -9546.933561

[00:05:32 -10974.971143] Initial branch length optimization
[00:05:33 -10099.191394] Model parameter optimization (eps = 10.000000)
[00:05:50 -9653.214015] AUTODETECT spr round 1 (radius: 5)
[00:05:51 -9603.148778] AUTODETECT spr round 2 (radius: 10)
[00:05:51 -9569.041357] AUTODETECT spr round 3 (radius: 15)
[00:05:52 -9569.009089] SPR radius for FAST iterations: 10 (autodetect)
[00:05:52 -9569.009089] Model parameter optimization (eps = 3.000000)
[00:05:57 -9547.554012] FAST spr round 1 (radius: 10)
[00:05:59 -9540.048424] FAST spr round 2 (radius: 10)
[00:05:59 -9539.179675] FAST spr round 3 (radius: 10)
[00:06:00 -9539.166077] Model parameter optimization (eps = 1.000000)
[00:06:02 -9538.504643] SLOW spr round 1 (radius: 5)
[00:06:03 -9538.464556] SLOW spr round 2 (radius: 10)
[00:06:05 -9538.462471] SLOW spr round 3 (radius: 15)
[00:06:06 -9538.462134] SLOW spr round 4 (radius: 20)
[00:06:07 -9538.462093] SLOW spr round 5 (radius: 25)
[00:06:07 -9538.462089] Model parameter optimization (eps = 0.100000)

[00:06:08] ML tree search #9, logLikelihood: -9538.379280

[00:06:08 -11029.833353] Initial branch length optimization
[00:06:08 -10107.331110] Model parameter optimization (eps = 10.000000)
[00:06:28 -9663.590340] AUTODETECT spr round 1 (radius: 5)
[00:06:28 -9591.229738] AUTODETECT spr round 2 (radius: 10)
[00:06:29 -9590.055741] AUTODETECT spr round 3 (radius: 15)
[00:06:29 -9590.049556] SPR radius for FAST iterations: 10 (autodetect)
[00:06:29 -9590.049556] Model parameter optimization (eps = 3.000000)
[00:06:33 -9585.086404] FAST spr round 1 (radius: 10)
[00:06:34 -9568.028590] FAST spr round 2 (radius: 10)
[00:06:35 -9566.018623] FAST spr round 3 (radius: 10)
[00:06:35 -9565.812484] FAST spr round 4 (radius: 10)
[00:06:36 -9565.414908] FAST spr round 5 (radius: 10)
[00:06:36 -9558.713523] FAST spr round 6 (radius: 10)
[00:06:37 -9557.696478] FAST spr round 7 (radius: 10)
[00:06:38 -9557.696043] Model parameter optimization (eps = 1.000000)
[00:06:42 -9546.299438] SLOW spr round 1 (radius: 5)
[00:06:44 -9545.664278] SLOW spr round 2 (radius: 5)
[00:06:45 -9544.676259] SLOW spr round 3 (radius: 5)
[00:06:46 -9544.673519] SLOW spr round 4 (radius: 10)
[00:06:48 -9544.672622] SLOW spr round 5 (radius: 15)
[00:06:49 -9544.672293] SLOW spr round 6 (radius: 20)
[00:06:49 -9544.672181] SLOW spr round 7 (radius: 25)
[00:06:49 -9544.672145] Model parameter optimization (eps = 0.100000)

[00:06:51] ML tree search #10, logLikelihood: -9544.555246

[00:06:51 -10852.429360] Initial branch length optimization
[00:06:51 -10030.660471] Model parameter optimization (eps = 10.000000)
[00:07:07 -9606.842953] AUTODETECT spr round 1 (radius: 5)
[00:07:07 -9562.379697] AUTODETECT spr round 2 (radius: 10)
[00:07:07 -9562.358113] SPR radius for FAST iterations: 5 (autodetect)
[00:07:07 -9562.358113] Model parameter optimization (eps = 3.000000)
[00:07:12 -9555.155931] FAST spr round 1 (radius: 5)
[00:07:13 -9551.439538] FAST spr round 2 (radius: 5)
[00:07:14 -9551.386396] Model parameter optimization (eps = 1.000000)
[00:07:15 -9551.234882] SLOW spr round 1 (radius: 5)
[00:07:17 -9551.233047] SLOW spr round 2 (radius: 10)
[00:07:18 -9551.232981] SLOW spr round 3 (radius: 15)
[00:07:19 -9551.232975] SLOW spr round 4 (radius: 20)
[00:07:19 -9551.232975] SLOW spr round 5 (radius: 25)
[00:07:19 -9551.232975] Model parameter optimization (eps = 0.100000)

[00:07:20] ML tree search #11, logLikelihood: -9551.229612

[00:07:20 -10850.266547] Initial branch length optimization
[00:07:20 -10040.405173] Model parameter optimization (eps = 10.000000)
[00:07:35 -9602.782309] AUTODETECT spr round 1 (radius: 5)
[00:07:36 -9567.923073] AUTODETECT spr round 2 (radius: 10)
[00:07:37 -9563.380150] AUTODETECT spr round 3 (radius: 15)
[00:07:37 -9563.364000] SPR radius for FAST iterations: 10 (autodetect)
[00:07:37 -9563.364000] Model parameter optimization (eps = 3.000000)
[00:07:40 -9553.280702] FAST spr round 1 (radius: 10)
[00:07:41 -9550.401803] FAST spr round 2 (radius: 10)
[00:07:42 -9549.387793] FAST spr round 3 (radius: 10)
[00:07:43 -9549.272506] FAST spr round 4 (radius: 10)
[00:07:43 -9549.146562] FAST spr round 5 (radius: 10)
[00:07:44 -9549.145216] Model parameter optimization (eps = 1.000000)
[00:07:45 -9549.014793] SLOW spr round 1 (radius: 5)
[00:07:47 -9549.014457] SLOW spr round 2 (radius: 10)
[00:07:48 -9549.014438] SLOW spr round 3 (radius: 15)
[00:07:49 -9549.014436] SLOW spr round 4 (radius: 20)
[00:07:49 -9549.014435] SLOW spr round 5 (radius: 25)
[00:07:50 -9549.014435] Model parameter optimization (eps = 0.100000)

[00:07:50] ML tree search #12, logLikelihood: -9549.005284

[00:07:50 -10809.415926] Initial branch length optimization
[00:07:50 -10022.516304] Model parameter optimization (eps = 10.000000)
[00:08:07 -9597.180037] AUTODETECT spr round 1 (radius: 5)
[00:08:07 -9566.002587] AUTODETECT spr round 2 (radius: 10)
[00:08:08 -9559.335377] AUTODETECT spr round 3 (radius: 15)
[00:08:08 -9559.324026] SPR radius for FAST iterations: 10 (autodetect)
[00:08:08 -9559.324026] Model parameter optimization (eps = 3.000000)
[00:08:11 -9551.329357] FAST spr round 1 (radius: 10)
[00:08:11 -9548.263687] FAST spr round 2 (radius: 10)
[00:08:12 -9547.601222] FAST spr round 3 (radius: 10)
[00:08:13 -9547.026063] FAST spr round 4 (radius: 10)
[00:08:13 -9546.625541] FAST spr round 5 (radius: 10)
[00:08:14 -9546.622541] Model parameter optimization (eps = 1.000000)
[00:08:15 -9546.307802] SLOW spr round 1 (radius: 5)
[00:08:17 -9545.805430] SLOW spr round 2 (radius: 5)
[00:08:18 -9545.173614] SLOW spr round 3 (radius: 5)
[00:08:20 -9545.172854] SLOW spr round 4 (radius: 10)
[00:08:21 -9545.172820] SLOW spr round 5 (radius: 15)
[00:08:22 -9545.172818] SLOW spr round 6 (radius: 20)
[00:08:22 -9545.172818] SLOW spr round 7 (radius: 25)
[00:08:22 -9545.172818] Model parameter optimization (eps = 0.100000)

[00:08:23] ML tree search #13, logLikelihood: -9545.093989

[00:08:24 -10816.970352] Initial branch length optimization
[00:08:24 -10027.373984] Model parameter optimization (eps = 10.000000)
[00:08:40 -9606.596956] AUTODETECT spr round 1 (radius: 5)
[00:08:40 -9562.551839] AUTODETECT spr round 2 (radius: 10)
[00:08:41 -9560.431165] AUTODETECT spr round 3 (radius: 15)
[00:08:41 -9560.422039] SPR radius for FAST iterations: 10 (autodetect)
[00:08:41 -9560.422039] Model parameter optimization (eps = 3.000000)
[00:08:46 -9552.592132] FAST spr round 1 (radius: 10)
[00:08:47 -9547.276999] FAST spr round 2 (radius: 10)
[00:08:48 -9546.893977] FAST spr round 3 (radius: 10)
[00:08:49 -9546.650091] FAST spr round 4 (radius: 10)
[00:08:50 -9546.648541] Model parameter optimization (eps = 1.000000)
[00:08:51 -9546.380359] SLOW spr round 1 (radius: 5)
[00:08:53 -9545.823722] SLOW spr round 2 (radius: 5)
[00:08:54 -9545.802994] SLOW spr round 3 (radius: 10)
[00:08:56 -9545.802681] SLOW spr round 4 (radius: 15)
[00:08:57 -9545.802675] SLOW spr round 5 (radius: 20)
[00:08:57 -9545.802674] SLOW spr round 6 (radius: 25)
[00:08:57 -9545.802674] Model parameter optimization (eps = 0.100000)

[00:08:58] ML tree search #14, logLikelihood: -9545.774321

[00:08:58 -10847.345150] Initial branch length optimization
[00:08:58 -10035.795216] Model parameter optimization (eps = 10.000000)
[00:09:12 -9612.674123] AUTODETECT spr round 1 (radius: 5)
[00:09:13 -9564.288868] AUTODETECT spr round 2 (radius: 10)
[00:09:13 -9564.275895] SPR radius for FAST iterations: 5 (autodetect)
[00:09:13 -9564.275895] Model parameter optimization (eps = 3.000000)
[00:09:17 -9556.990386] FAST spr round 1 (radius: 5)
[00:09:18 -9552.142090] FAST spr round 2 (radius: 5)
[00:09:19 -9552.137350] Model parameter optimization (eps = 1.000000)
[00:09:20 -9551.217691] SLOW spr round 1 (radius: 5)
[00:09:22 -9547.729382] SLOW spr round 2 (radius: 5)
[00:09:24 -9547.659190] SLOW spr round 3 (radius: 10)
[00:09:25 -9547.654151] SLOW spr round 4 (radius: 15)
[00:09:26 -9547.653684] SLOW spr round 5 (radius: 20)
[00:09:27 -9547.653634] SLOW spr round 6 (radius: 25)
[00:09:27 -9547.653628] Model parameter optimization (eps = 0.100000)

[00:09:29] ML tree search #15, logLikelihood: -9547.083191

[00:09:30 -10805.973624] Initial branch length optimization
[00:09:30 -10015.460926] Model parameter optimization (eps = 10.000000)
[00:09:42 -9595.088647] AUTODETECT spr round 1 (radius: 5)
[00:09:43 -9548.753594] AUTODETECT spr round 2 (radius: 10)
[00:09:43 -9548.748216] SPR radius for FAST iterations: 5 (autodetect)
[00:09:43 -9548.748216] Model parameter optimization (eps = 3.000000)
[00:09:45 -9546.152399] FAST spr round 1 (radius: 5)
[00:09:46 -9538.129331] FAST spr round 2 (radius: 5)
[00:09:47 -9537.786363] FAST spr round 3 (radius: 5)
[00:09:47 -9537.715885] Model parameter optimization (eps = 1.000000)
[00:09:49 -9536.729726] SLOW spr round 1 (radius: 5)
[00:09:51 -9536.720385] SLOW spr round 2 (radius: 10)
[00:09:52 -9536.720089] SLOW spr round 3 (radius: 15)
[00:09:53 -9536.720079] SLOW spr round 4 (radius: 20)
[00:09:53 -9536.720078] SLOW spr round 5 (radius: 25)
[00:09:53 -9536.720078] Model parameter optimization (eps = 0.100000)

[00:09:54] ML tree search #16, logLikelihood: -9536.638488

[00:09:54 -10850.873539] Initial branch length optimization
[00:09:54 -10018.712918] Model parameter optimization (eps = 10.000000)
[00:10:08 -9617.966252] AUTODETECT spr round 1 (radius: 5)
[00:10:08 -9569.951101] AUTODETECT spr round 2 (radius: 10)
[00:10:09 -9559.653734] AUTODETECT spr round 3 (radius: 15)
[00:10:09 -9559.648229] SPR radius for FAST iterations: 10 (autodetect)
[00:10:09 -9559.648229] Model parameter optimization (eps = 3.000000)
[00:10:12 -9553.520082] FAST spr round 1 (radius: 10)
[00:10:13 -9550.915392] FAST spr round 2 (radius: 10)
[00:10:14 -9548.060393] FAST spr round 3 (radius: 10)
[00:10:15 -9547.793552] FAST spr round 4 (radius: 10)
[00:10:15 -9547.631692] FAST spr round 5 (radius: 10)
[00:10:16 -9547.523262] FAST spr round 6 (radius: 10)
[00:10:17 -9547.504844] Model parameter optimization (eps = 1.000000)
[00:10:20 -9545.759282] SLOW spr round 1 (radius: 5)
[00:10:22 -9545.714322] SLOW spr round 2 (radius: 10)
[00:10:23 -9545.713274] SLOW spr round 3 (radius: 15)
[00:10:24 -9545.713233] SLOW spr round 4 (radius: 20)
[00:10:25 -9545.713230] SLOW spr round 5 (radius: 25)
[00:10:25 -9545.713230] Model parameter optimization (eps = 0.100000)

[00:10:26] ML tree search #17, logLikelihood: -9545.703931

[00:10:26 -10823.956912] Initial branch length optimization
[00:10:26 -10029.203040] Model parameter optimization (eps = 10.000000)
[00:10:40 -9598.992375] AUTODETECT spr round 1 (radius: 5)
[00:10:40 -9563.818784] AUTODETECT spr round 2 (radius: 10)
[00:10:41 -9562.112775] AUTODETECT spr round 3 (radius: 15)
[00:10:41 -9562.107343] SPR radius for FAST iterations: 10 (autodetect)
[00:10:41 -9562.107343] Model parameter optimization (eps = 3.000000)
[00:10:45 -9557.083463] FAST spr round 1 (radius: 10)
[00:10:46 -9549.213139] FAST spr round 2 (radius: 10)
[00:10:46 -9548.913799] FAST spr round 3 (radius: 10)
[00:10:47 -9548.363477] FAST spr round 4 (radius: 10)
[00:10:48 -9548.187148] FAST spr round 5 (radius: 10)
[00:10:48 -9548.082449] FAST spr round 6 (radius: 10)
[00:10:49 -9548.081575] Model parameter optimization (eps = 1.000000)
[00:10:52 -9546.324897] SLOW spr round 1 (radius: 5)
[00:10:55 -9545.890063] SLOW spr round 2 (radius: 5)
[00:10:56 -9545.838330] SLOW spr round 3 (radius: 10)
[00:10:57 -9545.837395] SLOW spr round 4 (radius: 15)
[00:10:58 -9545.837371] SLOW spr round 5 (radius: 20)
[00:10:59 -9545.837370] SLOW spr round 6 (radius: 25)
[00:10:59 -9545.837370] Model parameter optimization (eps = 0.100000)

[00:11:00] ML tree search #18, logLikelihood: -9545.794274

[00:11:01 -10841.332461] Initial branch length optimization
[00:11:01 -10018.677639] Model parameter optimization (eps = 10.000000)
[00:11:15 -9601.273231] AUTODETECT spr round 1 (radius: 5)
[00:11:15 -9564.854998] AUTODETECT spr round 2 (radius: 10)
[00:11:16 -9564.834961] SPR radius for FAST iterations: 5 (autodetect)
[00:11:16 -9564.834961] Model parameter optimization (eps = 3.000000)
[00:11:17 -9562.207508] FAST spr round 1 (radius: 5)
[00:11:18 -9554.288570] FAST spr round 2 (radius: 5)
[00:11:19 -9552.064698] FAST spr round 3 (radius: 5)
[00:11:19 -9551.021692] FAST spr round 4 (radius: 5)
[00:11:20 -9550.721087] FAST spr round 5 (radius: 5)
[00:11:21 -9550.589865] FAST spr round 6 (radius: 5)
[00:11:21 -9550.517033] Model parameter optimization (eps = 1.000000)
[00:11:24 -9547.342981] SLOW spr round 1 (radius: 5)
[00:11:26 -9547.294424] SLOW spr round 2 (radius: 10)
[00:11:27 -9545.519317] SLOW spr round 3 (radius: 5)
[00:11:29 -9544.127196] SLOW spr round 4 (radius: 5)
[00:11:31 -9544.065934] SLOW spr round 5 (radius: 10)
[00:11:32 -9544.065626] SLOW spr round 6 (radius: 15)
[00:11:33 -9544.065602] SLOW spr round 7 (radius: 20)
[00:11:34 -9544.065595] SLOW spr round 8 (radius: 25)
[00:11:34 -9544.065593] Model parameter optimization (eps = 0.100000)

[00:11:37] ML tree search #19, logLikelihood: -9543.491803

[00:11:37 -10814.926321] Initial branch length optimization
[00:11:37 -10015.103933] Model parameter optimization (eps = 10.000000)
[00:11:51 -9602.746923] AUTODETECT spr round 1 (radius: 5)
[00:11:51 -9568.660395] AUTODETECT spr round 2 (radius: 10)
[00:11:52 -9567.408260] AUTODETECT spr round 3 (radius: 15)
[00:11:52 -9567.396357] SPR radius for FAST iterations: 10 (autodetect)
[00:11:52 -9567.396357] Model parameter optimization (eps = 3.000000)
[00:11:56 -9562.329620] FAST spr round 1 (radius: 10)
[00:11:57 -9558.594432] FAST spr round 2 (radius: 10)
[00:11:58 -9555.285493] FAST spr round 3 (radius: 10)
[00:11:58 -9550.117286] FAST spr round 4 (radius: 10)
[00:11:59 -9549.965606] FAST spr round 5 (radius: 10)
[00:12:00 -9549.831735] FAST spr round 6 (radius: 10)
[00:12:00 -9549.717824] FAST spr round 7 (radius: 10)
[00:12:01 -9549.712987] Model parameter optimization (eps = 1.000000)
[00:12:02 -9549.506038] SLOW spr round 1 (radius: 5)
[00:12:04 -9549.502246] SLOW spr round 2 (radius: 10)
[00:12:05 -9546.872779] SLOW spr round 3 (radius: 5)
[00:12:08 -9546.820184] SLOW spr round 4 (radius: 10)
[00:12:09 -9546.819281] SLOW spr round 5 (radius: 15)
[00:12:11 -9546.819228] SLOW spr round 6 (radius: 20)
[00:12:11 -9546.819217] SLOW spr round 7 (radius: 25)
[00:12:11 -9546.819214] Model parameter optimization (eps = 0.100000)

[00:12:14] ML tree search #20, logLikelihood: -9546.380116


Optimized model parameters:

   Partition 0: noname
   Error model (ML): P20,  SEQ_ERROR: 0.000000,  ADO_RATE: 0.698807
   Rate heterogeneity: NONE
   Base frequencies (ML): 0.047042 0.077212 0.093312 0.060030 0.000047 0.000047 0.062931 0.000047 0.000047 0.000047 0.139439 0.161964 0.000047 0.042316 0.176197 0.139274 
   Substitution rates (ML): 0.001000 0.001000 0.001000 28.398705 996.603607 94.183757 0.001000 0.001000 0.001000 28.398705 996.603607 94.183757 0.001000 0.001000 0.001000 0.001000 0.001000 28.398705 0.001000 0.001000 1.000000 754.909270 0.001000 28.398705 0.001000 0.001000 1.000000 754.909270 0.001000 0.001000 0.001000 996.603607 0.001000 1.000000 0.001000 12.134742 0.001000 996.603607 0.001000 1.000000 0.001000 12.134742 0.001000 0.001000 94.183757 0.001000 754.909270 12.134742 0.001000 0.001000 94.183757 0.001000 754.909270 12.134742 1.000000 754.909270 996.603607 94.183757 0.001000 0.001000 0.001000 0.001000 996.603607 94.183757 0.001000 12.134742 28.398705 0.001000 94.183757 0.001000 0.001000 0.001000 0.001000 0.001000 94.183757 0.001000 28.398705 996.603607 0.001000 0.001000 0.001000 0.001000 0.001000 0.001000 12.134742 754.909270 996.603607 0.001000 0.001000 0.001000 0.001000 754.909270 1.000000 94.183757 0.001000 0.001000 0.001000 0.001000 0.001000 0.001000 94.183757 0.001000 754.909270 0.001000 0.001000 1.000000 754.909270 0.001000 0.001000 0.001000 12.134742 28.398705 0.001000 0.001000 0.001000 28.398705 996.603607 12.134742 0.001000 1.000000 


Final LogLikelihood: -9536.638488

AIC score: 19209.276976 / AICc score: 19231.049598 / BIC score: 19495.870327
Free parameters (model + branch lengths): 68

Best ML tree saved to: /mnt/c/Users/MIKTech/Desktop/cellphy/example/CRC24.PHY.ML16.Tree.raxml.bestTree
All ML trees saved to: /mnt/c/Users/MIKTech/Desktop/cellphy/example/CRC24.PHY.ML16.Tree.raxml.mlTrees
Optimized model saved to: /mnt/c/Users/MIKTech/Desktop/cellphy/example/CRC24.PHY.ML16.Tree.raxml.bestModel

Execution log saved to: /mnt/c/Users/MIKTech/Desktop/cellphy/example/CRC24.PHY.ML16.Tree.raxml.log

Analysis started: 09-Oct-2021 20:55:19 / finished: 09-Oct-2021 21:07:33

Elapsed time: 734.192 seconds

